c:\users\박영준\documents\sssw_mfc_capture\capture\capture\debug\capture.pch
c:\users\박영준\documents\sssw_mfc_capture\capture\capture\debug\vc140.pdb
c:\users\박영준\documents\sssw_mfc_capture\capture\capture\debug\vc140.idb
c:\users\박영준\documents\sssw_mfc_capture\capture\capture\debug\stdafx.obj
c:\users\박영준\documents\sssw_mfc_capture\capture\capture\debug\capture.obj
c:\users\박영준\documents\sssw_mfc_capture\capture\capture\debug\capturebox.obj
c:\users\박영준\documents\sssw_mfc_capture\capture\capture\debug\capturedoc.obj
c:\users\박영준\documents\sssw_mfc_capture\capture\capture\debug\captureview.obj
c:\users\박영준\documents\sssw_mfc_capture\capture\capture\debug\mainfrm.obj
c:\users\박영준\documents\sssw_mfc_capture\capture\debug\capture.ilk
c:\users\박영준\documents\sssw_mfc_capture\capture\debug\capture.exe
c:\users\박영준\documents\sssw_mfc_capture\capture\debug\capture.pdb
c:\users\박영준\documents\sssw_mfc_capture\capture\capture\debug\capture.res
c:\users\박영준\documents\sssw_mfc_capture\capture\capture\debug\caputrebox.obj
c:\users\박영준\documents\sssw_mfc_capture\capture\capture\debug\capture.tlog\cl.command.1.tlog
c:\users\박영준\documents\sssw_mfc_capture\capture\capture\debug\capture.tlog\cl.read.1.tlog
c:\users\박영준\documents\sssw_mfc_capture\capture\capture\debug\capture.tlog\cl.write.1.tlog
c:\users\박영준\documents\sssw_mfc_capture\capture\capture\debug\capture.tlog\link.command.1.tlog
c:\users\박영준\documents\sssw_mfc_capture\capture\capture\debug\capture.tlog\link.read.1.tlog
c:\users\박영준\documents\sssw_mfc_capture\capture\capture\debug\capture.tlog\link.write.1.tlog
c:\users\박영준\documents\sssw_mfc_capture\capture\capture\debug\capture.tlog\rc.command.1.tlog
c:\users\박영준\documents\sssw_mfc_capture\capture\capture\debug\capture.tlog\rc.read.1.tlog
c:\users\박영준\documents\sssw_mfc_capture\capture\capture\debug\capture.tlog\rc.write.1.tlog
